<?xml version="1.0" encoding="UTF-8" ?>
<testsuite errors="0" failures="0" hostname="DESKTOP-THNEG7C" name="edu.cwru.srw89.map.RegionTest" skipped="0" tests="2" time="0.34" timestamp="2020-12-03T18:13:59">
  <properties>
[...]
</properties>
  <testcase classname="edu.cwru.srw89.map.RegionTest" name="getters" time="0.065" />
  <testcase classname="edu.cwru.srw89.map.RegionTest" name="isInMap" time="0.0" />
  <system-out><![CDATA[]]></system-out>
  <system-err><![CDATA[]]></system-err>
</testsuite>
